<?xml version="1.0" encoding="UTF-8"?>
<testsuite xmlns:xsi="http://www.w3.org/2001/XMLSchema-instance" xsi:noNamespaceSchemaLocation="https://maven.apache.org/surefire/maven-surefire-plugin/xsd/surefire-test-report.xsd" name="com.pluralsight.courseinfo.domain.CourseTest" time="0.042" tests="7" errors="0" skipped="0" failures="0">
  <properties>
    <property name="java.specification.version" value="17"/>
    <property name="sun.jnu.encoding" value="UTF-8"/>
    <property name="java.class.path" value="/home/aberg/projets/java17_course/pluralsight-course/crourse-info/course-info-repository/target/test-classes:/home/aberg/projets/java17_course/pluralsight-course/crourse-info/course-info-repository/target/classes:/home/aberg/.m2/repository/com/h2database/h2/2.2.224/h2-2.2.224.jar:/home/aberg/.m2/repository/org/junit/jupiter/junit-jupiter/5.8.2/junit-jupiter-5.8.2.jar:/home/aberg/.m2/repository/org/junit/jupiter/junit-jupiter-api/5.8.2/junit-jupiter-api-5.8.2.jar:/home/aberg/.m2/repository/org/opentest4j/opentest4j/1.2.0/opentest4j-1.2.0.jar:/home/aberg/.m2/repository/org/junit/platform/junit-platform-commons/1.8.2/junit-platform-commons-1.8.2.jar:/home/aberg/.m2/repository/org/apiguardian/apiguardian-api/1.1.2/apiguardian-api-1.1.2.jar:/home/aberg/.m2/repository/org/junit/jupiter/junit-jupiter-params/5.8.2/junit-jupiter-params-5.8.2.jar:/home/aberg/.m2/repository/org/junit/jupiter/junit-jupiter-engine/5.8.2/junit-jupiter-engine-5.8.2.jar:/home/aberg/.m2/repository/org/junit/platform/junit-platform-engine/1.8.2/junit-platform-engine-1.8.2.jar:"/>
    <property name="java.vm.vendor" value="Private Build"/>
    <property name="sun.arch.data.model" value="64"/>
    <property name="java.vendor.url" value="Unknown"/>
    <property name="os.name" value="Linux"/>
    <property name="java.vm.specification.version" value="17"/>
    <property name="sun.java.launcher" value="SUN_STANDARD"/>
    <property name="sun.boot.library.path" value="/usr/lib/jvm/java-17-openjdk-amd64/lib"/>
    <property name="sun.java.command" value="/home/aberg/projets/java17_course/pluralsight-course/crourse-info/course-info-repository/target/surefire/surefirebooter12130087801852469849.jar /home/aberg/projets/java17_course/pluralsight-course/crourse-info/course-info-repository/target/surefire 2023-11-16T13-54-16_724-jvmRun1 surefire5887488816919919163tmp surefire_04888613741418332178tmp"/>
    <property name="jdk.debug" value="release"/>
    <property name="surefire.test.class.path" value="/home/aberg/projets/java17_course/pluralsight-course/crourse-info/course-info-repository/target/test-classes:/home/aberg/projets/java17_course/pluralsight-course/crourse-info/course-info-repository/target/classes:/home/aberg/.m2/repository/com/h2database/h2/2.2.224/h2-2.2.224.jar:/home/aberg/.m2/repository/org/junit/jupiter/junit-jupiter/5.8.2/junit-jupiter-5.8.2.jar:/home/aberg/.m2/repository/org/junit/jupiter/junit-jupiter-api/5.8.2/junit-jupiter-api-5.8.2.jar:/home/aberg/.m2/repository/org/opentest4j/opentest4j/1.2.0/opentest4j-1.2.0.jar:/home/aberg/.m2/repository/org/junit/platform/junit-platform-commons/1.8.2/junit-platform-commons-1.8.2.jar:/home/aberg/.m2/repository/org/apiguardian/apiguardian-api/1.1.2/apiguardian-api-1.1.2.jar:/home/aberg/.m2/repository/org/junit/jupiter/junit-jupiter-params/5.8.2/junit-jupiter-params-5.8.2.jar:/home/aberg/.m2/repository/org/junit/jupiter/junit-jupiter-engine/5.8.2/junit-jupiter-engine-5.8.2.jar:/home/aberg/.m2/repository/org/junit/platform/junit-platform-engine/1.8.2/junit-platform-engine-1.8.2.jar:"/>
    <property name="sun.cpu.endian" value="little"/>
    <property name="user.home" value="/home/aberg"/>
    <property name="user.language" value="en"/>
    <property name="java.specification.vendor" value="Oracle Corporation"/>
    <property name="java.version.date" value="2023-08-24"/>
    <property name="java.home" value="/usr/lib/jvm/java-17-openjdk-amd64"/>
    <property name="file.separator" value="/"/>
    <property name="basedir" value="/home/aberg/projets/java17_course/pluralsight-course/crourse-info/course-info-repository"/>
    <property name="java.vm.compressedOopsMode" value="Zero based"/>
    <property name="line.separator" value="&#10;"/>
    <property name="java.vm.specification.vendor" value="Oracle Corporation"/>
    <property name="java.specification.name" value="Java Platform API Specification"/>
    <property name="surefire.real.class.path" value="/home/aberg/projets/java17_course/pluralsight-course/crourse-info/course-info-repository/target/surefire/surefirebooter12130087801852469849.jar"/>
    <property name="sun.management.compiler" value="HotSpot 64-Bit Tiered Compilers"/>
    <property name="java.runtime.version" value="17.0.8.1+1-Ubuntu-0ubuntu122.04"/>
    <property name="user.name" value="aberg"/>
    <property name="path.separator" value=":"/>
    <property name="os.version" value="5.10.16.3-microsoft-standard-WSL2"/>
    <property name="java.runtime.name" value="OpenJDK Runtime Environment"/>
    <property name="file.encoding" value="UTF-8"/>
    <property name="java.vm.name" value="OpenJDK 64-Bit Server VM"/>
    <property name="localRepository" value="/home/aberg/.m2/repository"/>
    <property name="java.vendor.url.bug" value="Unknown"/>
    <property name="java.io.tmpdir" value="/tmp"/>
    <property name="java.version" value="17.0.8.1"/>
    <property name="user.dir" value="/home/aberg/projets/java17_course/pluralsight-course/crourse-info/course-info-repository"/>
    <property name="os.arch" value="amd64"/>
    <property name="java.vm.specification.name" value="Java Virtual Machine Specification"/>
    <property name="native.encoding" value="UTF-8"/>
    <property name="java.library.path" value="/usr/java/packages/lib:/usr/lib/x86_64-linux-gnu/jni:/lib/x86_64-linux-gnu:/usr/lib/x86_64-linux-gnu:/usr/lib/jni:/lib:/usr/lib"/>
    <property name="java.vm.info" value="mixed mode, sharing"/>
    <property name="java.vendor" value="Private Build"/>
    <property name="java.vm.version" value="17.0.8.1+1-Ubuntu-0ubuntu122.04"/>
    <property name="sun.io.unicode.encoding" value="UnicodeLittle"/>
    <property name="java.class.version" value="61.0"/>
  </properties>
  <testcase name="whenACourseFieldIsNullorEmptyThenAnExceptionIsThrown{String, String, String}[1]" classname="com.pluralsight.courseinfo.domain.CourseTest" time="0.017"/>
  <testcase name="whenACourseFieldIsNullorEmptyThenAnExceptionIsThrown{String, String, String}[2]" classname="com.pluralsight.courseinfo.domain.CourseTest" time="0.001"/>
  <testcase name="whenACourseFieldIsNullorEmptyThenAnExceptionIsThrown{String, String, String}[3]" classname="com.pluralsight.courseinfo.domain.CourseTest" time="0.001"/>
  <testcase name="whenACourseFieldIsNullorEmptyThenAnExceptionIsThrown{String, String, String}[4]" classname="com.pluralsight.courseinfo.domain.CourseTest" time="0"/>
  <testcase name="whenACourseFieldIsNullorEmptyThenAnExceptionIsThrown{String, String, String}[5]" classname="com.pluralsight.courseinfo.domain.CourseTest" time="0.001"/>
  <testcase name="whenACourseFieldIsNullorEmptyThenAnExceptionIsThrown{String, String, String}[6]" classname="com.pluralsight.courseinfo.domain.CourseTest" time="0.001"/>
  <testcase name="givenACourseWhenAllFieldsAreNotNullOrBlankThenTheCourseIsCreatedSuccessfully" classname="com.pluralsight.courseinfo.domain.CourseTest" time="0.001"/>
</testsuite>